<?xml version="1.0" encoding="UTF-8"?>
<testsuite name="com.epam.jwd.composer.impl.WordTest" tests="2" skipped="0" failures="0" errors="0" timestamp="2021-05-13T15:12:16" hostname="DESKTOP-NUHM85O" time="0.006">
  <properties/>
  <testcase name="getAsList()" classname="com.epam.jwd.composer.impl.WordTest" time="0.001"/>
  <testcase name="getAsString()" classname="com.epam.jwd.composer.impl.WordTest" time="0.003"/>
  <system-out><![CDATA[]]></system-out>
  <system-err><![CDATA[]]></system-err>
</testsuite>
