<?xml version="1.0" encoding="UTF-8"?>
<testsuite name="com.epam.jwd.model.impl.SymbolTest" tests="2" skipped="0" failures="0" errors="0" timestamp="2021-05-14T18:32:15" hostname="DESKTOP-NUHM85O" time="0.02">
  <properties/>
  <testcase name="getAsList()" classname="com.epam.jwd.model.impl.SymbolTest" time="0.012"/>
  <testcase name="getAsString()" classname="com.epam.jwd.model.impl.SymbolTest" time="0.004"/>
  <system-out><![CDATA[]]></system-out>
  <system-err><![CDATA[]]></system-err>
</testsuite>
