<?xml version="1.0" encoding="UTF-8"?>
<testsuite name="com.epam.jwd.interpreter.InterpretEngineTest" tests="1" skipped="0" failures="0" errors="0" timestamp="2021-05-14T18:32:15" hostname="DESKTOP-NUHM85O" time="0.012">
  <properties/>
  <testcase name="makeInterpretation()" classname="com.epam.jwd.interpreter.InterpretEngineTest" time="0.012"/>
  <system-out><![CDATA[]]></system-out>
  <system-err><![CDATA[]]></system-err>
</testsuite>
