<?xml version="1.0" encoding="UTF-8"?>
<testsuite name="com.epam.jwd.app.ApplicationTest" tests="1" skipped="0" failures="0" errors="0" timestamp="2021-05-14T18:32:11" hostname="DESKTOP-NUHM85O" time="0.747">
  <properties/>
  <testcase name="run()" classname="com.epam.jwd.app.ApplicationTest" time="0.747"/>
  <system-out><![CDATA[]]></system-out>
  <system-err><![CDATA[]]></system-err>
</testsuite>
