<?xml version="1.0" encoding="UTF-8"?>
<testsuite name="com.epam.jwd.composer.impl.TextSentenceTest" tests="3" skipped="0" failures="0" errors="0" timestamp="2021-05-13T15:12:15" hostname="DESKTOP-NUHM85O" time="0.05">
  <properties/>
  <testcase name="addLexeme()" classname="com.epam.jwd.composer.impl.TextSentenceTest" time="0.004"/>
  <testcase name="getAsList()" classname="com.epam.jwd.composer.impl.TextSentenceTest" time="0.004"/>
  <testcase name="getAsString()" classname="com.epam.jwd.composer.impl.TextSentenceTest" time="0.004"/>
  <system-out><![CDATA[]]></system-out>
  <system-err><![CDATA[]]></system-err>
</testsuite>
