<?xml version="1.0" encoding="UTF-8"?>
<testsuite name="com.epam.jwd.composer.impl.TextTest" tests="3" skipped="0" failures="0" errors="0" timestamp="2021-05-13T15:12:16" hostname="DESKTOP-NUHM85O" time="0.053">
  <properties/>
  <testcase name="addLexeme()" classname="com.epam.jwd.composer.impl.TextTest" time="0.019"/>
  <testcase name="getAsList()" classname="com.epam.jwd.composer.impl.TextTest" time="0.005"/>
  <testcase name="getAsString()" classname="com.epam.jwd.composer.impl.TextTest" time="0.021"/>
  <system-out><![CDATA[]]></system-out>
  <system-err><![CDATA[]]></system-err>
</testsuite>
